time=2024-11-14T05:35:23.054+05:00 level=INFO msg="Host is started"
time=2024-11-14T05:35:41.258+05:00 level=ERROR msg="Menu ID can not be empty"
time=2024-11-14T05:36:48.970+05:00 level=ERROR msg="Menu item not found"
time=2024-11-14T05:42:35.113+05:00 level=INFO msg="Host is started"
time=2024-11-14T05:53:43.112+05:00 level=INFO msg="Host is started"
time=2024-11-14T07:58:38.492+05:00 level=INFO msg="Host is started"
time=2024-11-14T07:59:01.914+05:00 level=ERROR msg="Create time can not be empty. Please write it!"
time=2024-11-14T08:01:26.742+05:00 level=INFO msg="Host is started"
time=2024-11-14T08:02:47.955+05:00 level=INFO msg="Host is started"
time=2024-11-14T08:03:31.467+05:00 level=INFO msg="Host is started"
time=2024-11-14T08:04:22.115+05:00 level=INFO msg="Host is started"
time=2024-11-14T08:12:18.625+05:00 level=INFO msg="Host is started"
time=2024-11-14T08:12:41.643+05:00 level=INFO msg="menu item not found"
time=2024-11-14T08:12:41.643+05:00 level=INFO msg="Product with ID latte not found in inventory"
time=2024-11-14T08:12:41.643+05:00 level=ERROR msg="Order item not found"
time=2024-11-14T08:14:45.934+05:00 level=ERROR msg="Order item not found"
time=2024-11-14T08:16:28.633+05:00 level=ERROR msg="Order item not found"
time=2024-11-14T08:17:58.620+05:00 level=ERROR msg="Order item not found"
time=2024-11-14T08:21:07.952+05:00 level=INFO msg="Host is started"
time=2024-11-14T08:21:14.166+05:00 level=ERROR msg="Order item not found"
time=2024-11-14T08:21:37.047+05:00 level=INFO msg="Host is started"
time=2024-11-14T08:21:42.092+05:00 level=ERROR msg="Order item not found"
time=2024-11-14T08:22:25.394+05:00 level=INFO msg="Host is started"
time=2024-11-14T08:22:31.989+05:00 level=ERROR msg="Order item not found"
time=2024-11-14T08:23:19.314+05:00 level=INFO msg="Host is started"
time=2024-11-14T08:23:24.341+05:00 level=ERROR msg="Order item not found"
time=2024-11-14T08:24:10.692+05:00 level=INFO msg="Host is started"
time=2024-11-14T08:24:17.911+05:00 level=ERROR msg="Order item not found"
time=2024-11-14T08:24:19.809+05:00 level=ERROR msg="Order item not found"
time=2024-11-14T08:24:20.680+05:00 level=ERROR msg="Order item not found"
time=2024-11-14T08:25:12.744+05:00 level=INFO msg="Host is started"
time=2024-11-14T08:25:29.821+05:00 level=ERROR msg="Order item not found"
time=2024-11-14T08:25:31.849+05:00 level=ERROR msg="Order item not found"
time=2024-11-14T08:25:32.724+05:00 level=ERROR msg="Order item not found"
time=2024-11-14T08:26:14.655+05:00 level=INFO msg="Host is started"
time=2024-11-14T08:26:20.254+05:00 level=ERROR msg="Order item not found"
time=2024-11-14T08:26:22.335+05:00 level=ERROR msg="Order item not found"
time=2024-11-14T08:26:30.144+05:00 level=ERROR msg="Order item not found"
time=2024-11-14T08:26:31.237+05:00 level=ERROR msg="Order item not found"
time=2024-11-14T08:27:03.665+05:00 level=ERROR msg="Order item not found"
time=2024-11-14T08:34:33.874+05:00 level=INFO msg="Host is started"
time=2024-11-14T08:35:09.878+05:00 level=ERROR msg="Order item not found"
time=2024-11-14T08:48:08.261+05:00 level=INFO msg="Host is started"
time=2024-11-14T08:53:45.194+05:00 level=INFO msg="Order not found"
time=2024-11-14T08:53:45.194+05:00 level=ERROR msg="Order item not found"
time=2024-11-14T08:54:35.667+05:00 level=INFO msg="Host is started"
time=2024-11-14T09:18:20.629+05:00 level=INFO msg="Host is started"
time=2024-11-14T09:18:49.852+05:00 level=ERROR msg="Product with this name does not exists"
time=2024-11-14T09:18:55.989+05:00 level=ERROR msg="Product with this name does not exists"
time=2024-11-14T09:19:04.124+05:00 level=INFO msg="menu item not found"
time=2024-11-14T09:19:04.124+05:00 level=INFO msg="Product with ID latte not found in inventory"
time=2024-11-14T09:19:04.124+05:00 level=ERROR msg="Failed to add order item"
time=2024-11-14T09:25:48.840+05:00 level=INFO msg="Host is started"
time=2024-11-14T09:26:30.182+05:00 level=ERROR msg="Invalid JSON"
time=2024-11-14T09:26:40.805+05:00 level=ERROR msg="Create time can not be empty. Please write it!"
time=2024-11-14T09:27:09.822+05:00 level=ERROR msg="Product with this name does not exists"
time=2024-11-14T09:27:14.650+05:00 level=ERROR msg="Product with this name does not exists"
time=2024-11-14T09:28:26.605+05:00 level=ERROR msg="Product with this name does not exists"
time=2024-11-14T09:28:33.634+05:00 level=ERROR msg="Product with this name does not exists"
time=2024-11-14T09:29:30.198+05:00 level=INFO msg="Host is started"
time=2024-11-14T09:29:41.176+05:00 level=ERROR msg="Product with this name does not exists"
time=2024-11-14T09:30:07.915+05:00 level=INFO msg="Host is started"
time=2024-11-14T09:30:14.624+05:00 level=ERROR msg="Product with this name does not exists"
time=2024-11-14T09:30:31.303+05:00 level=INFO msg="menu item not found"
time=2024-11-14T09:30:31.304+05:00 level=INFO msg="Product with ID fanta not found in inventory"
time=2024-11-14T09:30:31.304+05:00 level=ERROR msg="Failed to add order item"
time=2024-11-14T09:34:53.987+05:00 level=INFO msg="menu item not found"
time=2024-11-14T09:34:53.987+05:00 level=INFO msg="Product with ID latte not found in inventory"
time=2024-11-14T09:34:53.987+05:00 level=ERROR msg="Failed to add order item"
time=2024-11-14T09:35:43.160+05:00 level=INFO msg="Host is started"
time=2024-11-14T09:35:48.450+05:00 level=INFO msg="menu item not found"
time=2024-11-14T09:35:48.450+05:00 level=INFO msg="Product with ID latte not found in inventory"
time=2024-11-14T09:35:48.450+05:00 level=ERROR msg="Failed to add order item"
time=2024-11-14T09:35:50.968+05:00 level=INFO msg="menu item not found"
time=2024-11-14T09:35:50.968+05:00 level=INFO msg="Product with ID latte not found in inventory"
time=2024-11-14T09:35:50.968+05:00 level=ERROR msg="Failed to add order item"
time=2024-11-14T09:36:35.340+05:00 level=INFO msg="Host is started"
time=2024-11-14T09:36:41.025+05:00 level=INFO msg="menu item not found"
time=2024-11-14T09:36:41.025+05:00 level=INFO msg="Product with ID latte not found in inventory"
time=2024-11-14T09:36:41.025+05:00 level=ERROR msg="Failed to add order item"
time=2024-11-14T09:38:04.815+05:00 level=INFO msg="Host is started"
time=2024-11-14T09:38:25.972+05:00 level=INFO msg="menu item not found"
time=2024-11-14T09:38:25.972+05:00 level=INFO msg="Product with ID latte not found in inventory"
time=2024-11-14T09:38:25.972+05:00 level=ERROR msg="Failed to add order item"
time=2024-11-14T09:42:35.904+05:00 level=INFO msg="Host is started"
time=2024-11-14T09:42:42.658+05:00 level=ERROR msg="Order Id can not be same"
time=2024-11-14T09:43:11.141+05:00 level=ERROR msg="Product with this name does not exists"
time=2024-11-14T09:48:39.696+05:00 level=INFO msg="Host is started"
time=2024-11-14T09:49:12.253+05:00 level=ERROR msg="Order Id can not be same"
time=2024-11-14T10:02:49.756+05:00 level=ERROR msg="Order Id can not be same"
time=2024-11-14T10:02:57.036+05:00 level=INFO msg="Host is started"
time=2024-11-14T10:03:06.556+05:00 level=INFO msg="menu item not found"
time=2024-11-14T10:03:06.556+05:00 level=INFO msg="Inventory with ID espresso_shot not found in inventory"
time=2024-11-14T10:03:06.556+05:00 level=ERROR msg="Failed to add order item"
time=2024-11-14T10:14:14.142+05:00 level=INFO msg="Host is started"
time=2024-11-14T10:14:32.259+05:00 level=INFO msg="Not enought item for this product"
time=2024-11-14T10:14:32.259+05:00 level=ERROR msg="Failed to add order item"
time=2024-11-14T10:14:39.656+05:00 level=INFO msg="Not enought item for this product"
time=2024-11-14T10:14:39.656+05:00 level=ERROR msg="Failed to add order item"
time=2024-11-14T10:15:15.275+05:00 level=INFO msg="Not enought item for this product"
time=2024-11-14T10:15:15.276+05:00 level=ERROR msg="Failed to add order item"
time=2024-11-14T10:16:08.711+05:00 level=ERROR msg="Product with this name does not exists"
time=2024-11-14T10:16:44.176+05:00 level=INFO msg="Not enought item for this product"
time=2024-11-14T10:16:44.176+05:00 level=ERROR msg="Failed to add order item"
time=2024-11-14T10:16:47.024+05:00 level=INFO msg="Not enought item for this product"
time=2024-11-14T10:16:47.024+05:00 level=ERROR msg="Failed to add order item"
time=2024-11-14T10:23:36.909+05:00 level=INFO msg="menu item not found"
time=2024-11-14T10:23:36.909+05:00 level=INFO msg="Product with ID latte not found in inventory"
time=2024-11-14T10:23:36.909+05:00 level=ERROR msg="Order item not found"
time=2024-11-14T10:23:51.370+05:00 level=INFO msg="menu item not found"
time=2024-11-14T10:23:51.370+05:00 level=INFO msg="Product with ID latte not found in inventory"
time=2024-11-14T10:23:51.370+05:00 level=ERROR msg="Order item not found"
time=2024-11-14T10:23:52.479+05:00 level=INFO msg="menu item not found"
time=2024-11-14T10:23:52.479+05:00 level=INFO msg="Product with ID latte not found in inventory"
time=2024-11-14T10:23:52.479+05:00 level=ERROR msg="Order item not found"
time=2024-11-14T10:23:55.797+05:00 level=INFO msg="menu item not found"
time=2024-11-14T10:23:55.797+05:00 level=INFO msg="Product with ID latte not found in inventory"
time=2024-11-14T10:23:55.797+05:00 level=ERROR msg="Order item not found"
time=2024-11-14T10:24:10.544+05:00 level=INFO msg="menu item not found"
time=2024-11-14T10:24:10.544+05:00 level=INFO msg="Product with ID latte not found in inventory"
time=2024-11-14T10:24:10.544+05:00 level=ERROR msg="Order item not found"
time=2024-11-14T10:24:32.688+05:00 level=INFO msg="menu item not found"
time=2024-11-14T10:24:32.688+05:00 level=INFO msg="Product with ID latte not found in inventory"
time=2024-11-14T10:24:32.688+05:00 level=ERROR msg="Order item not found"
time=2024-11-14T10:24:48.120+05:00 level=INFO msg="menu item not found"
time=2024-11-14T10:24:48.120+05:00 level=INFO msg="Product with ID latte not found in inventory"
time=2024-11-14T10:24:48.120+05:00 level=ERROR msg="Order item not found"
time=2024-11-14T10:25:28.456+05:00 level=INFO msg="Host is started"
time=2024-11-14T10:25:34.971+05:00 level=INFO msg="menu item not found"
time=2024-11-14T10:25:34.971+05:00 level=INFO msg="Product with ID latte not found in inventory"
time=2024-11-14T10:25:34.971+05:00 level=ERROR msg="Order item not found"
time=2024-11-14T10:25:36.906+05:00 level=INFO msg="menu item not found"
time=2024-11-14T10:25:36.906+05:00 level=INFO msg="Product with ID latte not found in inventory"
time=2024-11-14T10:25:36.906+05:00 level=ERROR msg="Order item not found"
time=2024-11-14T10:25:39.153+05:00 level=INFO msg="menu item not found"
time=2024-11-14T10:25:39.153+05:00 level=INFO msg="Product with ID latte not found in inventory"
time=2024-11-14T10:25:39.153+05:00 level=ERROR msg="Order item not found"
time=2024-11-14T10:27:35.961+05:00 level=INFO msg="Host is started"
time=2024-11-14T10:27:41.621+05:00 level=INFO msg="menu item not found"
time=2024-11-14T10:27:41.621+05:00 level=INFO msg="Product with ID latte not found in inventory"
time=2024-11-14T10:27:41.621+05:00 level=ERROR msg="Order item not found"
time=2024-11-14T10:27:42.759+05:00 level=INFO msg="menu item not found"
time=2024-11-14T10:27:42.759+05:00 level=INFO msg="Product with ID latte not found in inventory"
time=2024-11-14T10:27:42.759+05:00 level=ERROR msg="Order item not found"
time=2024-11-14T10:28:17.613+05:00 level=INFO msg="Host is started"
time=2024-11-14T10:28:22.973+05:00 level=INFO msg="menu item not found"
time=2024-11-14T10:28:22.974+05:00 level=INFO msg="Product with ID latte not found in inventory"
time=2024-11-14T10:28:22.974+05:00 level=ERROR msg="Order item not found"
time=2024-11-14T10:28:26.548+05:00 level=INFO msg="menu item not found"
time=2024-11-14T10:28:26.548+05:00 level=INFO msg="Product with ID latte not found in inventory"
time=2024-11-14T10:28:26.548+05:00 level=ERROR msg="Order item not found"
time=2024-11-14T10:40:32.094+05:00 level=INFO msg="Host is started"
time=2024-11-14T10:41:34.733+05:00 level=INFO msg="Not enought item for this product"
time=2024-11-14T10:41:34.733+05:00 level=ERROR msg="Failed to add order item"
time=2024-11-14T10:41:42.056+05:00 level=INFO msg="Not enought item for this product"
time=2024-11-14T10:41:42.056+05:00 level=ERROR msg="Failed to add order item"
time=2024-11-14T10:41:43.745+05:00 level=INFO msg="Not enought item for this product"
time=2024-11-14T10:41:43.745+05:00 level=ERROR msg="Failed to add order item"
time=2024-11-14T10:41:48.883+05:00 level=INFO msg="Not enought item for this product"
time=2024-11-14T10:41:48.883+05:00 level=ERROR msg="Failed to add order item"
time=2024-11-14T10:41:50.196+05:00 level=INFO msg="Not enought item for this product"
time=2024-11-14T10:41:50.196+05:00 level=ERROR msg="Failed to add order item"
time=2024-11-14T10:43:03.052+05:00 level=INFO msg="Host is started"
time=2024-11-14T10:43:10.013+05:00 level=INFO msg="Not enought item for this product"
time=2024-11-14T10:43:10.013+05:00 level=ERROR msg="Failed to add order item"
time=2024-11-14T10:45:01.182+05:00 level=INFO msg="Host is started"
time=2024-11-14T10:45:06.781+05:00 level=INFO msg="Not enought item for this product"
time=2024-11-14T10:45:06.781+05:00 level=ERROR msg="Failed to add order item"
time=2024-11-14T10:46:37.568+05:00 level=INFO msg="Host is started"
time=2024-11-14T10:46:51.221+05:00 level=INFO msg="Not enought item for this product"
time=2024-11-14T10:46:51.221+05:00 level=ERROR msg="Failed to add order item"
time=2024-11-14T10:48:44.938+05:00 level=INFO msg="Host is started"
time=2024-11-14T10:48:50.577+05:00 level=INFO msg="Not enought item for this product"
time=2024-11-14T10:48:50.577+05:00 level=ERROR msg="Failed to add order item"
time=2024-11-14T10:49:10.213+05:00 level=INFO msg="Host is started"
time=2024-11-14T10:49:16.264+05:00 level=INFO msg="Not enought item for this product"
time=2024-11-14T10:49:16.264+05:00 level=ERROR msg="Failed to add order item"
time=2024-11-14T10:52:28.941+05:00 level=INFO msg="Host is started"
time=2024-11-14T10:52:34.103+05:00 level=INFO msg="Not enought item for this product"
time=2024-11-14T10:52:34.103+05:00 level=ERROR msg="Failed to add order item"
time=2024-11-14T10:53:17.419+05:00 level=INFO msg="Host is started"
time=2024-11-14T10:53:22.667+05:00 level=INFO msg="Not enought item for this product"
time=2024-11-14T10:53:22.667+05:00 level=ERROR msg="Failed to add order item"
time=2024-11-14T10:53:50.465+05:00 level=INFO msg="Host is started"
time=2024-11-14T10:54:34.214+05:00 level=INFO msg="Not enought item for this product"
time=2024-11-14T10:54:34.214+05:00 level=ERROR msg="Failed to add order item"
time=2024-11-14T10:58:31.163+05:00 level=ERROR msg="Ingredient ID can not be empty"
time=2024-11-14T11:04:20.436+05:00 level=ERROR msg="Order Id can not be same"
time=2024-11-14T11:05:44.819+05:00 level=ERROR msg="Order Id can not be same"
time=2024-11-14T11:06:52.197+05:00 level=INFO msg="Host is started"
time=2024-11-14T11:06:57.200+05:00 level=ERROR msg="Order Id can not be same"
